build/app/intermediates/manifest_merge_blame_file/debug/manifest-merger-blame-debug-report.txt
1<?xml version="1.0" encoding="utf-8"?>
2<manifest xmlns:android="http://schemas.android.com/apk/res/android"
3    package="com.example.chats_app"
4    android:versionCode="1"
5    android:versionName="1.0.0" >
6
7    <uses-sdk
8        android:minSdkVersion="19"
9        android:targetSdkVersion="33" />
10    <!--
11         Flutter needs it to communicate with the running application
12         to allow setting breakpoints, to provide hot reload, etc.
13    -->
14    <uses-permission android:name="android.permission.INTERNET" />
14-->src/debug/AndroidManifest.xml:6:5-66
14-->src/debug/AndroidManifest.xml:6:22-64
15    <uses-permission android:name="android.permission.WAKE_LOCK" />
15-->[:firebase_messaging] AndroidManifest.xml:8:5-68
15-->[:firebase_messaging] AndroidManifest.xml:8:22-65
16    <uses-permission android:name="android.permission.ACCESS_NETWORK_STATE" />
16-->[:firebase_messaging] AndroidManifest.xml:9:5-79
16-->[:firebase_messaging] AndroidManifest.xml:9:22-76
17    <uses-permission android:name="android.permission.RECEIVE_BOOT_COMPLETED" />
17-->[:flutter_local_notifications] AndroidManifest.xml:7:5-81
17-->[:flutter_local_notifications] AndroidManifest.xml:7:22-78
18    <uses-permission android:name="android.permission.VIBRATE" />
18-->[:flutter_local_notifications] AndroidManifest.xml:8:5-66
18-->[:flutter_local_notifications] AndroidManifest.xml:8:22-63
19    <uses-permission android:name="android.permission.USE_FULL_SCREEN_INTENT" />
19-->[:flutter_local_notifications] AndroidManifest.xml:9:5-81
19-->[:flutter_local_notifications] AndroidManifest.xml:9:22-78
20    <uses-permission android:name="android.permission.POST_NOTIFICATIONS" /> <!-- Required by older versions of Google Play services to create IID tokens -->
20-->[com.google.firebase:firebase-messaging:23.1.1] AndroidManifest.xml:25:5-77
20-->[com.google.firebase:firebase-messaging:23.1.1] AndroidManifest.xml:25:22-74
21    <uses-permission android:name="com.google.android.c2dm.permission.RECEIVE" />
21-->[com.google.firebase:firebase-messaging:23.1.1] AndroidManifest.xml:28:5-82
21-->[com.google.firebase:firebase-messaging:23.1.1] AndroidManifest.xml:28:22-79
22
23    <application
24        android:name="android.app.Application"
25        android:appComponentFactory="androidx.core.app.CoreComponentFactory"
25-->[androidx.core:core:1.6.0] AndroidManifest.xml:24:18-86
26        android:debuggable="true"
27        android:icon="@mipmap/ic_launcher"
28        android:label="chats_app" >
29        <activity
30            android:name="com.example.chats_app.MainActivity"
31            android:configChanges="orientation|keyboardHidden|keyboard|screenSize|smallestScreenSize|locale|layoutDirection|fontScale|screenLayout|density|uiMode"
32            android:exported="true"
33            android:hardwareAccelerated="true"
34            android:launchMode="singleTop"
35            android:theme="@style/LaunchTheme"
36            android:windowSoftInputMode="adjustResize" >
37
38            <!--
39                 Specifies an Android theme to apply to this Activity as soon as
40                 the Android process has started. This theme is visible to the user
41                 while the Flutter UI initializes. After that, this theme continues
42                 to determine the Window background behind the Flutter UI.
43            -->
44            <meta-data
45                android:name="io.flutter.embedding.android.NormalTheme"
46                android:resource="@style/NormalTheme" />
47
48            <intent-filter>
49                <action android:name="android.intent.action.MAIN" />
50
51                <category android:name="android.intent.category.LAUNCHER" />
52            </intent-filter>
53        </activity>
54        <!--
55             Don't delete the meta-data below.
56             This is used by the Flutter tool to generate GeneratedPluginRegistrant.java
57        -->
58        <meta-data
59            android:name="flutterEmbedding"
60            android:value="2" />
61
62        <service
62-->[:firebase_messaging] AndroidManifest.xml:12:9-15:72
63            android:name="io.flutter.plugins.firebase.messaging.FlutterFirebaseMessagingBackgroundService"
63-->[:firebase_messaging] AndroidManifest.xml:13:13-107
64            android:exported="false"
64-->[:firebase_messaging] AndroidManifest.xml:14:13-37
65            android:permission="android.permission.BIND_JOB_SERVICE" />
65-->[:firebase_messaging] AndroidManifest.xml:15:13-69
66        <service
66-->[:firebase_messaging] AndroidManifest.xml:16:9-22:19
67            android:name="io.flutter.plugins.firebase.messaging.FlutterFirebaseMessagingService"
67-->[:firebase_messaging] AndroidManifest.xml:17:13-97
68            android:exported="false" >
68-->[:firebase_messaging] AndroidManifest.xml:18:13-37
69            <intent-filter>
69-->[:firebase_messaging] AndroidManifest.xml:19:13-21:29
70                <action android:name="com.google.firebase.MESSAGING_EVENT" />
70-->[:firebase_messaging] AndroidManifest.xml:20:17-78
70-->[:firebase_messaging] AndroidManifest.xml:20:25-75
71            </intent-filter>
72        </service>
73
74        <receiver
74-->[:firebase_messaging] AndroidManifest.xml:24:9-31:20
75            android:name="io.flutter.plugins.firebase.messaging.FlutterFirebaseMessagingReceiver"
75-->[:firebase_messaging] AndroidManifest.xml:25:13-98
76            android:exported="true"
76-->[:firebase_messaging] AndroidManifest.xml:26:13-36
77            android:permission="com.google.android.c2dm.permission.SEND" >
77-->[:firebase_messaging] AndroidManifest.xml:27:13-73
78            <intent-filter>
78-->[:firebase_messaging] AndroidManifest.xml:28:13-30:29
79                <action android:name="com.google.android.c2dm.intent.RECEIVE" />
79-->[:firebase_messaging] AndroidManifest.xml:29:17-81
79-->[:firebase_messaging] AndroidManifest.xml:29:25-78
80            </intent-filter>
81        </receiver>
82
83        <service
83-->[:firebase_messaging] AndroidManifest.xml:33:9-37:19
84            android:name="com.google.firebase.components.ComponentDiscoveryService"
84-->[:firebase_messaging] AndroidManifest.xml:33:18-89
85            android:directBootAware="true"
85-->[com.google.firebase:firebase-common:20.2.0] AndroidManifest.xml:34:13-43
86            android:exported="false" >
86-->[com.google.firebase:firebase-messaging:23.1.1] AndroidManifest.xml:54:13-37
87            <meta-data
87-->[:firebase_messaging] AndroidManifest.xml:34:13-36:85
88                android:name="com.google.firebase.components:io.flutter.plugins.firebase.messaging.FlutterFirebaseAppRegistrar"
88-->[:firebase_messaging] AndroidManifest.xml:35:17-128
89                android:value="com.google.firebase.components.ComponentRegistrar" />
89-->[:firebase_messaging] AndroidManifest.xml:36:17-82
90            <meta-data
90-->[:firebase_auth] AndroidManifest.xml:9:13-11:85
91                android:name="com.google.firebase.components:io.flutter.plugins.firebase.auth.FlutterFirebaseAuthRegistrar"
91-->[:firebase_auth] AndroidManifest.xml:10:17-124
92                android:value="com.google.firebase.components.ComponentRegistrar" />
92-->[:firebase_auth] AndroidManifest.xml:11:17-82
93            <meta-data
93-->[:cloud_firestore] AndroidManifest.xml:9:13-11:85
94                android:name="com.google.firebase.components:io.flutter.plugins.firebase.firestore.FlutterFirebaseFirestoreRegistrar"
94-->[:cloud_firestore] AndroidManifest.xml:10:17-134
95                android:value="com.google.firebase.components.ComponentRegistrar" />
95-->[:cloud_firestore] AndroidManifest.xml:11:17-82
96            <meta-data
96-->[:firebase_core] AndroidManifest.xml:9:13-11:85
97                android:name="com.google.firebase.components:io.flutter.plugins.firebase.core.FlutterFirebaseCoreRegistrar"
97-->[:firebase_core] AndroidManifest.xml:10:17-124
98                android:value="com.google.firebase.components.ComponentRegistrar" />
98-->[:firebase_core] AndroidManifest.xml:11:17-82
99            <meta-data
99-->[com.google.firebase:firebase-messaging:23.1.1] AndroidManifest.xml:55:13-57:85
100                android:name="com.google.firebase.components:com.google.firebase.messaging.FirebaseMessagingRegistrar"
100-->[com.google.firebase:firebase-messaging:23.1.1] AndroidManifest.xml:56:17-119
101                android:value="com.google.firebase.components.ComponentRegistrar" />
101-->[com.google.firebase:firebase-messaging:23.1.1] AndroidManifest.xml:57:17-82
102            <meta-data
102-->[com.google.firebase:firebase-datatransport:18.1.7] AndroidManifest.xml:27:13-29:85
103                android:name="com.google.firebase.components:com.google.firebase.datatransport.TransportRegistrar"
103-->[com.google.firebase:firebase-datatransport:18.1.7] AndroidManifest.xml:28:17-115
104                android:value="com.google.firebase.components.ComponentRegistrar" />
104-->[com.google.firebase:firebase-datatransport:18.1.7] AndroidManifest.xml:29:17-82
105            <meta-data
105-->[com.google.firebase:firebase-auth:21.1.0] AndroidManifest.xml:67:13-69:85
106                android:name="com.google.firebase.components:com.google.firebase.auth.FirebaseAuthRegistrar"
106-->[com.google.firebase:firebase-auth:21.1.0] AndroidManifest.xml:68:17-109
107                android:value="com.google.firebase.components.ComponentRegistrar" />
107-->[com.google.firebase:firebase-auth:21.1.0] AndroidManifest.xml:69:17-82
108            <meta-data
108-->[com.google.firebase:firebase-firestore:24.4.1] AndroidManifest.xml:19:13-21:85
109                android:name="com.google.firebase.components:com.google.firebase.firestore.FirestoreRegistrar"
109-->[com.google.firebase:firebase-firestore:24.4.1] AndroidManifest.xml:20:17-111
110                android:value="com.google.firebase.components.ComponentRegistrar" />
110-->[com.google.firebase:firebase-firestore:24.4.1] AndroidManifest.xml:21:17-82
111            <meta-data
111-->[com.google.firebase:firebase-installations:17.1.0] AndroidManifest.xml:17:13-19:85
112                android:name="com.google.firebase.components:com.google.firebase.installations.FirebaseInstallationsRegistrar"
112-->[com.google.firebase:firebase-installations:17.1.0] AndroidManifest.xml:18:17-127
113                android:value="com.google.firebase.components.ComponentRegistrar" />
113-->[com.google.firebase:firebase-installations:17.1.0] AndroidManifest.xml:19:17-82
114        </service>
115
116        <provider
116-->[:firebase_messaging] AndroidManifest.xml:39:9-43:38
117            android:name="io.flutter.plugins.firebase.messaging.FlutterFirebaseMessagingInitProvider"
117-->[:firebase_messaging] AndroidManifest.xml:40:13-102
118            android:authorities="com.example.chats_app.flutterfirebasemessaginginitprovider"
118-->[:firebase_messaging] AndroidManifest.xml:41:13-88
119            android:exported="false"
119-->[:firebase_messaging] AndroidManifest.xml:42:13-37
120            android:initOrder="99" />
120-->[:firebase_messaging] AndroidManifest.xml:43:13-35
121
122        <receiver android:name="com.dexterous.flutterlocalnotifications.ScheduledNotificationReceiver" />
122-->[:flutter_local_notifications] AndroidManifest.xml:12:9-106
122-->[:flutter_local_notifications] AndroidManifest.xml:12:19-103
123        <receiver android:name="com.dexterous.flutterlocalnotifications.ScheduledNotificationBootReceiver" >
123-->[:flutter_local_notifications] AndroidManifest.xml:13:9-20:20
123-->[:flutter_local_notifications] AndroidManifest.xml:13:19-107
124            <intent-filter>
124-->[:flutter_local_notifications] AndroidManifest.xml:14:13-19:29
125                <action android:name="android.intent.action.BOOT_COMPLETED" />
125-->[:flutter_local_notifications] AndroidManifest.xml:15:17-79
125-->[:flutter_local_notifications] AndroidManifest.xml:15:25-76
126                <action android:name="android.intent.action.MY_PACKAGE_REPLACED" />
126-->[:flutter_local_notifications] AndroidManifest.xml:16:17-84
126-->[:flutter_local_notifications] AndroidManifest.xml:16:25-81
127                <action android:name="android.intent.action.QUICKBOOT_POWERON" />
127-->[:flutter_local_notifications] AndroidManifest.xml:17:17-82
127-->[:flutter_local_notifications] AndroidManifest.xml:17:25-79
128                <action android:name="com.htc.intent.action.QUICKBOOT_POWERON" />
128-->[:flutter_local_notifications] AndroidManifest.xml:18:17-82
128-->[:flutter_local_notifications] AndroidManifest.xml:18:25-79
129            </intent-filter>
130        </receiver>
131
132        <uses-library
132-->[androidx.window:window:1.0.0-beta04] AndroidManifest.xml:25:9-27:40
133            android:name="androidx.window.extensions"
133-->[androidx.window:window:1.0.0-beta04] AndroidManifest.xml:26:13-54
134            android:required="false" />
134-->[androidx.window:window:1.0.0-beta04] AndroidManifest.xml:27:13-37
135        <uses-library
135-->[androidx.window:window:1.0.0-beta04] AndroidManifest.xml:28:9-30:40
136            android:name="androidx.window.sidecar"
136-->[androidx.window:window:1.0.0-beta04] AndroidManifest.xml:29:13-51
137            android:required="false" />
137-->[androidx.window:window:1.0.0-beta04] AndroidManifest.xml:30:13-37
138
139        <receiver
139-->[com.google.firebase:firebase-messaging:23.1.1] AndroidManifest.xml:31:9-38:20
140            android:name="com.google.firebase.iid.FirebaseInstanceIdReceiver"
140-->[com.google.firebase:firebase-messaging:23.1.1] AndroidManifest.xml:32:13-78
141            android:exported="true"
141-->[com.google.firebase:firebase-messaging:23.1.1] AndroidManifest.xml:33:13-36
142            android:permission="com.google.android.c2dm.permission.SEND" >
142-->[com.google.firebase:firebase-messaging:23.1.1] AndroidManifest.xml:34:13-73
143            <intent-filter>
143-->[:firebase_messaging] AndroidManifest.xml:28:13-30:29
144                <action android:name="com.google.android.c2dm.intent.RECEIVE" />
144-->[:firebase_messaging] AndroidManifest.xml:29:17-81
144-->[:firebase_messaging] AndroidManifest.xml:29:25-78
145            </intent-filter>
146        </receiver>
147        <!--
148             FirebaseMessagingService performs security checks at runtime,
149             but set to not exported to explicitly avoid allowing another app to call it.
150        -->
151        <service
151-->[com.google.firebase:firebase-messaging:23.1.1] AndroidManifest.xml:44:9-51:19
152            android:name="com.google.firebase.messaging.FirebaseMessagingService"
152-->[com.google.firebase:firebase-messaging:23.1.1] AndroidManifest.xml:45:13-82
153            android:directBootAware="true"
153-->[com.google.firebase:firebase-messaging:23.1.1] AndroidManifest.xml:46:13-43
154            android:exported="false" >
154-->[com.google.firebase:firebase-messaging:23.1.1] AndroidManifest.xml:47:13-37
155            <intent-filter android:priority="-500" >
155-->[:firebase_messaging] AndroidManifest.xml:19:13-21:29
156                <action android:name="com.google.firebase.MESSAGING_EVENT" />
156-->[:firebase_messaging] AndroidManifest.xml:20:17-78
156-->[:firebase_messaging] AndroidManifest.xml:20:25-75
157            </intent-filter>
158        </service>
159        <service
159-->[com.google.android.datatransport:transport-backend-cct:3.1.8] AndroidManifest.xml:28:9-34:19
160            android:name="com.google.android.datatransport.runtime.backends.TransportBackendDiscovery"
160-->[com.google.android.datatransport:transport-backend-cct:3.1.8] AndroidManifest.xml:29:13-103
161            android:exported="false" >
161-->[com.google.android.datatransport:transport-backend-cct:3.1.8] AndroidManifest.xml:30:13-37
162            <meta-data
162-->[com.google.android.datatransport:transport-backend-cct:3.1.8] AndroidManifest.xml:31:13-33:39
163                android:name="backend:com.google.android.datatransport.cct.CctBackendFactory"
163-->[com.google.android.datatransport:transport-backend-cct:3.1.8] AndroidManifest.xml:32:17-94
164                android:value="cct" />
164-->[com.google.android.datatransport:transport-backend-cct:3.1.8] AndroidManifest.xml:33:17-36
165        </service>
166        <service
166-->[com.google.android.datatransport:transport-runtime:3.1.8] AndroidManifest.xml:26:9-30:19
167            android:name="com.google.android.datatransport.runtime.scheduling.jobscheduling.JobInfoSchedulerService"
167-->[com.google.android.datatransport:transport-runtime:3.1.8] AndroidManifest.xml:27:13-117
168            android:exported="false"
168-->[com.google.android.datatransport:transport-runtime:3.1.8] AndroidManifest.xml:28:13-37
169            android:permission="android.permission.BIND_JOB_SERVICE" >
169-->[com.google.android.datatransport:transport-runtime:3.1.8] AndroidManifest.xml:29:13-69
170        </service>
171
172        <receiver
172-->[com.google.android.datatransport:transport-runtime:3.1.8] AndroidManifest.xml:32:9-34:40
173            android:name="com.google.android.datatransport.runtime.scheduling.jobscheduling.AlarmManagerSchedulerBroadcastReceiver"
173-->[com.google.android.datatransport:transport-runtime:3.1.8] AndroidManifest.xml:33:13-132
174            android:exported="false" />
174-->[com.google.android.datatransport:transport-runtime:3.1.8] AndroidManifest.xml:34:13-37
175
176        <activity
176-->[com.google.firebase:firebase-auth:21.1.0] AndroidManifest.xml:27:9-44:20
177            android:name="com.google.firebase.auth.internal.GenericIdpActivity"
177-->[com.google.firebase:firebase-auth:21.1.0] AndroidManifest.xml:28:13-80
178            android:excludeFromRecents="true"
178-->[com.google.firebase:firebase-auth:21.1.0] AndroidManifest.xml:29:13-46
179            android:exported="true"
179-->[com.google.firebase:firebase-auth:21.1.0] AndroidManifest.xml:30:13-36
180            android:launchMode="singleTask"
180-->[com.google.firebase:firebase-auth:21.1.0] AndroidManifest.xml:31:13-44
181            android:theme="@android:style/Theme.Translucent.NoTitleBar" >
181-->[com.google.firebase:firebase-auth:21.1.0] AndroidManifest.xml:32:13-72
182            <intent-filter>
182-->[com.google.firebase:firebase-auth:21.1.0] AndroidManifest.xml:33:13-43:29
183                <action android:name="android.intent.action.VIEW" />
183-->[com.google.firebase:firebase-auth:21.1.0] AndroidManifest.xml:34:17-69
183-->[com.google.firebase:firebase-auth:21.1.0] AndroidManifest.xml:34:25-66
184
185                <category android:name="android.intent.category.DEFAULT" />
185-->[com.google.firebase:firebase-auth:21.1.0] AndroidManifest.xml:36:17-76
185-->[com.google.firebase:firebase-auth:21.1.0] AndroidManifest.xml:36:27-73
186                <category android:name="android.intent.category.BROWSABLE" />
186-->[com.google.firebase:firebase-auth:21.1.0] AndroidManifest.xml:37:17-78
186-->[com.google.firebase:firebase-auth:21.1.0] AndroidManifest.xml:37:27-75
187
188                <data
188-->[com.google.firebase:firebase-auth:21.1.0] AndroidManifest.xml:39:17-42:51
189                    android:host="firebase.auth"
189-->[com.google.firebase:firebase-auth:21.1.0] AndroidManifest.xml:40:21-49
190                    android:path="/"
190-->[com.google.firebase:firebase-auth:21.1.0] AndroidManifest.xml:41:21-37
191                    android:scheme="genericidp" />
191-->[com.google.firebase:firebase-auth:21.1.0] AndroidManifest.xml:42:21-48
192            </intent-filter>
193        </activity>
194        <activity
194-->[com.google.firebase:firebase-auth:21.1.0] AndroidManifest.xml:45:9-62:20
195            android:name="com.google.firebase.auth.internal.RecaptchaActivity"
195-->[com.google.firebase:firebase-auth:21.1.0] AndroidManifest.xml:46:13-79
196            android:excludeFromRecents="true"
196-->[com.google.firebase:firebase-auth:21.1.0] AndroidManifest.xml:47:13-46
197            android:exported="true"
197-->[com.google.firebase:firebase-auth:21.1.0] AndroidManifest.xml:48:13-36
198            android:launchMode="singleTask"
198-->[com.google.firebase:firebase-auth:21.1.0] AndroidManifest.xml:49:13-44
199            android:theme="@android:style/Theme.Translucent.NoTitleBar" >
199-->[com.google.firebase:firebase-auth:21.1.0] AndroidManifest.xml:50:13-72
200            <intent-filter>
200-->[com.google.firebase:firebase-auth:21.1.0] AndroidManifest.xml:51:13-61:29
201                <action android:name="android.intent.action.VIEW" />
201-->[com.google.firebase:firebase-auth:21.1.0] AndroidManifest.xml:34:17-69
201-->[com.google.firebase:firebase-auth:21.1.0] AndroidManifest.xml:34:25-66
202
203                <category android:name="android.intent.category.DEFAULT" />
203-->[com.google.firebase:firebase-auth:21.1.0] AndroidManifest.xml:36:17-76
203-->[com.google.firebase:firebase-auth:21.1.0] AndroidManifest.xml:36:27-73
204                <category android:name="android.intent.category.BROWSABLE" />
204-->[com.google.firebase:firebase-auth:21.1.0] AndroidManifest.xml:37:17-78
204-->[com.google.firebase:firebase-auth:21.1.0] AndroidManifest.xml:37:27-75
205
206                <data
206-->[com.google.firebase:firebase-auth:21.1.0] AndroidManifest.xml:39:17-42:51
207                    android:host="firebase.auth"
207-->[com.google.firebase:firebase-auth:21.1.0] AndroidManifest.xml:40:21-49
208                    android:path="/"
208-->[com.google.firebase:firebase-auth:21.1.0] AndroidManifest.xml:41:21-37
209                    android:scheme="recaptcha" />
209-->[com.google.firebase:firebase-auth:21.1.0] AndroidManifest.xml:42:21-48
210            </intent-filter>
211        </activity>
212
213        <provider
213-->[com.google.firebase:firebase-common:20.2.0] AndroidManifest.xml:25:9-30:39
214            android:name="com.google.firebase.provider.FirebaseInitProvider"
214-->[com.google.firebase:firebase-common:20.2.0] AndroidManifest.xml:26:13-77
215            android:authorities="com.example.chats_app.firebaseinitprovider"
215-->[com.google.firebase:firebase-common:20.2.0] AndroidManifest.xml:27:13-72
216            android:directBootAware="true"
216-->[com.google.firebase:firebase-common:20.2.0] AndroidManifest.xml:28:13-43
217            android:exported="false"
217-->[com.google.firebase:firebase-common:20.2.0] AndroidManifest.xml:29:13-37
218            android:initOrder="100" />
218-->[com.google.firebase:firebase-common:20.2.0] AndroidManifest.xml:30:13-36
219
220        <activity
220-->[com.google.android.gms:play-services-base:18.0.1] AndroidManifest.xml:20:9-22:45
221            android:name="com.google.android.gms.common.api.GoogleApiActivity"
221-->[com.google.android.gms:play-services-base:18.0.1] AndroidManifest.xml:20:19-85
222            android:exported="false"
222-->[com.google.android.gms:play-services-base:18.0.1] AndroidManifest.xml:22:19-43
223            android:theme="@android:style/Theme.Translucent.NoTitleBar" />
223-->[com.google.android.gms:play-services-base:18.0.1] AndroidManifest.xml:21:19-78
224
225        <meta-data
225-->[com.google.android.gms:play-services-basement:18.1.0] AndroidManifest.xml:21:9-23:69
226            android:name="com.google.android.gms.version"
226-->[com.google.android.gms:play-services-basement:18.1.0] AndroidManifest.xml:22:13-58
227            android:value="@integer/google_play_services_version" />
227-->[com.google.android.gms:play-services-basement:18.1.0] AndroidManifest.xml:23:13-66
228    </application>
229
230</manifest>